2019-05-30 05:56:28,038 INFO [org.geoserver] - GeoServer configuration lock is enabled
2019-05-30 05:56:28,178 INFO [org.geoserver] - Loaded style 'point'
2019-05-30 05:56:28,179 INFO [org.geoserver] - Loaded style 'giant_polygon'
2019-05-30 05:56:28,179 INFO [org.geoserver] - Loaded style 'poi'
2019-05-30 05:56:28,179 INFO [org.geoserver] - Loaded style 'simple_roads'
2019-05-30 05:56:28,180 INFO [org.geoserver] - Loaded style 'green'
2019-05-30 05:56:28,180 INFO [org.geoserver] - Loaded style 'polygon'
2019-05-30 05:56:28,180 INFO [org.geoserver] - Loaded style 'cite_lakes'
2019-05-30 05:56:28,181 INFO [org.geoserver] - Loaded style 'raster'
2019-05-30 05:56:28,181 INFO [org.geoserver] - Loaded style 'line'
2019-05-30 05:56:28,181 INFO [org.geoserver] - Loaded style 'simple_streams'
2019-05-30 05:56:28,181 INFO [org.geoserver] - Loaded style 'pophatch'
2019-05-30 05:56:28,182 INFO [org.geoserver] - Loaded style 'restricted'
2019-05-30 05:56:28,182 INFO [org.geoserver] - Loaded style 'rain'
2019-05-30 05:56:28,183 INFO [org.geoserver] - Loaded style 'grass'
2019-05-30 05:56:28,183 INFO [org.geoserver] - Loaded style 'population'
2019-05-30 05:56:28,184 INFO [org.geoserver] - Loaded style 'generic'
2019-05-30 05:56:28,184 INFO [org.geoserver] - Loaded style 'burg'
2019-05-30 05:56:28,185 INFO [org.geoserver] - Loaded style 'dem'
2019-05-30 05:56:28,185 INFO [org.geoserver] - Loaded style 'tiger_roads'
2019-05-30 05:56:28,185 INFO [org.geoserver] - Loaded style 'capitals'
2019-05-30 05:56:28,186 INFO [org.geoserver] - Loaded style 'poly_landmarks'
2019-05-30 05:56:28,187 INFO [org.geoserver] - Loaded default workspace cite
2019-05-30 05:56:28,196 INFO [org.geoserver] - Loaded workspace 'topp'
2019-05-30 05:56:28,198 INFO [org.geoserver] - Loaded workspace 'it.geosolutions'
2019-05-30 05:56:28,199 INFO [org.geoserver] - Loaded workspace 'tiger'
2019-05-30 05:56:28,200 INFO [org.geoserver] - Loaded workspace 'nurc'
2019-05-30 05:56:28,200 INFO [org.geoserver] - Loaded workspace 'sde'
2019-05-30 05:56:28,201 INFO [org.geoserver] - Loaded workspace 'sf'
2019-05-30 05:56:28,202 INFO [org.geoserver] - Loaded workspace 'cite'
2019-05-30 05:56:28,896 INFO [org.geoserver] - Loaded data store 'states_shapefile', enabled
2019-05-30 05:56:29,733 INFO [org.geoserver] - Loaded feature type 'states', enabled
2019-05-30 05:56:29,743 INFO [org.geoserver] - Loaded layer 'states'
2019-05-30 05:56:29,746 INFO [org.geoserver] - Loaded data store 'taz_shapes', enabled
2019-05-30 05:56:29,751 INFO [org.geoserver] - Loaded feature type 'tasmania_cities', enabled
2019-05-30 05:56:29,752 INFO [org.geoserver] - Loaded layer 'tasmania_cities'
2019-05-30 05:56:29,754 INFO [org.geoserver] - Loaded feature type 'tasmania_roads', enabled
2019-05-30 05:56:29,755 INFO [org.geoserver] - Loaded layer 'tasmania_roads'
2019-05-30 05:56:29,758 INFO [org.geoserver] - Loaded feature type 'tasmania_state_boundaries', enabled
2019-05-30 05:56:29,759 INFO [org.geoserver] - Loaded layer 'tasmania_state_boundaries'
2019-05-30 05:56:29,761 INFO [org.geoserver] - Loaded feature type 'tasmania_water_bodies', enabled
2019-05-30 05:56:29,762 INFO [org.geoserver] - Loaded layer 'tasmania_water_bodies'
2019-05-30 05:56:29,765 INFO [org.geoserver] - Loaded data store 'nyc', enabled
2019-05-30 05:56:29,772 INFO [org.geoserver] - Loaded feature type 'poi', enabled
2019-05-30 05:56:29,773 INFO [org.geoserver] - Loaded layer 'poi'
2019-05-30 05:56:29,775 INFO [org.geoserver] - Loaded feature type 'tiger_roads', enabled
2019-05-30 05:56:29,776 INFO [org.geoserver] - Loaded layer 'tiger_roads'
2019-05-30 05:56:29,777 INFO [org.geoserver] - Loaded feature type 'giant_polygon', enabled
2019-05-30 05:56:29,778 INFO [org.geoserver] - Loaded layer 'giant_polygon'
2019-05-30 05:56:29,780 INFO [org.geoserver] - Loaded feature type 'poly_landmarks', enabled
2019-05-30 05:56:29,781 INFO [org.geoserver] - Loaded layer 'poly_landmarks'
2019-05-30 05:56:29,786 INFO [org.geoserver] - Loaded data store 'sf', enabled
2019-05-30 05:56:29,999 INFO [org.geoserver] - Loaded feature type 'restricted', enabled
2019-05-30 05:56:30,000 INFO [org.geoserver] - Loaded layer 'restricted'
2019-05-30 05:56:30,004 INFO [org.geoserver] - Loaded feature type 'streams', enabled
2019-05-30 05:56:30,005 INFO [org.geoserver] - Loaded layer 'streams'
2019-05-30 05:56:30,008 INFO [org.geoserver] - Loaded feature type 'bugsites', enabled
2019-05-30 05:56:30,009 INFO [org.geoserver] - Loaded layer 'bugsites'
2019-05-30 05:56:30,012 INFO [org.geoserver] - Loaded feature type 'archsites', enabled
2019-05-30 05:56:30,013 INFO [org.geoserver] - Loaded layer 'archsites'
2019-05-30 05:56:30,016 INFO [org.geoserver] - Loaded feature type 'roads', enabled
2019-05-30 05:56:30,017 INFO [org.geoserver] - Loaded layer 'roads'
2019-05-30 05:56:30,020 INFO [org.geoserver] - Loaded coverage store 'sfdem', enabled
2019-05-30 05:56:30,038 INFO [org.geoserver] - Loaded coverage 'sfdem', enabled
2019-05-30 05:56:30,039 INFO [org.geoserver] - Loaded layer 'sfdem'
2019-05-30 05:56:30,042 INFO [org.geoserver] - Loaded coverage store 'arcGridSample', enabled
2019-05-30 05:56:30,046 INFO [org.geoserver] - Loaded coverage 'Arc_Sample', enabled
2019-05-30 05:56:30,049 INFO [org.geoserver] - Loaded layer 'Arc_Sample'
2019-05-30 05:56:30,049 INFO [org.geoserver] - Loaded coverage store 'img_sample2', enabled
2019-05-30 05:56:30,057 INFO [org.geoserver] - Loaded coverage 'Pk50095', enabled
2019-05-30 05:56:30,058 INFO [org.geoserver] - Loaded layer 'Pk50095'
2019-05-30 05:56:30,059 INFO [org.geoserver] - Loaded coverage store 'mosaic', enabled
2019-05-30 05:56:30,061 INFO [org.geoserver] - Loaded coverage 'mosaic', enabled
2019-05-30 05:56:30,062 INFO [org.geoserver] - Loaded layer 'mosaic'
2019-05-30 05:56:30,063 INFO [org.geoserver] - Loaded coverage store 'worldImageSample', enabled
2019-05-30 05:56:30,065 INFO [org.geoserver] - Loaded coverage 'Img_Sample', enabled
2019-05-30 05:56:30,065 INFO [org.geoserver] - Loaded layer 'Img_Sample'
2019-05-30 05:56:30,078 INFO [org.geoserver] - Loaded layer group 'spearfish'
2019-05-30 05:56:30,080 INFO [org.geoserver] - Loaded layer group 'tiger-ny'
2019-05-30 05:56:30,081 INFO [org.geoserver] - Loaded layer group 'tasmania'
2019-05-30 05:56:30,180 INFO [org.geoserver] - Loaded service 'WMTSInfoImpl--38ae7926:16b074fab63:-8000', enabled
2019-05-30 05:56:30,186 INFO [org.geoserver] - Loaded service 'wcs', enabled
2019-05-30 05:56:30,196 INFO [org.geoserver] - Loaded service 'wfs', enabled
2019-05-30 05:56:30,219 INFO [org.geoserver] - Loaded service 'wms', enabled
2019-05-30 05:56:30,220 INFO [org.geoserver] - Loaded service 'WPSInfoImpl--38ae7926:16b074fab63:-7fff', enabled
2019-05-30 05:56:30,300 INFO [config.GeoserverXMLResourceProvider] - Will look for 'geowebcache.xml' in directory '/usr/share/geoserver/data_dir/gwc'.
2019-05-30 05:56:30,381 WARN [config.GeoserverXMLResourceProvider] - Found no configuration file in config directory, will create one at 'gwc/geowebcache.xml' from template jar:file:/usr/share/geoserver/webapps/geoserver/WEB-INF/lib/gwc-core-1.15.1.jar!/geowebcache_empty.xml
2019-05-30 05:56:30,418 INFO [config.GeoserverXMLResourceProvider] - Found configuration file in gwc
2019-05-30 05:56:30,418 INFO [config.GeoserverXMLResourceProvider] - Found configuration file in gwc
2019-05-30 05:56:30,536 WARN [config.XMLConfiguration] - ********************************************************************************
2019-05-30 05:56:30,536 WARN [config.XMLConfiguration] - *** GWC configuration validation error: cvc-elt.1: Cannot find the declaration of element 'gwcConfiguration'.
2019-05-30 05:56:30,536 WARN [config.XMLConfiguration] - *** Will try to use configuration anyway. Please check the order of declared elements against the schema.
2019-05-30 05:56:30,536 WARN [config.XMLConfiguration] - ********************************************************************************
2019-05-30 05:56:30,585 INFO [config.XMLConfiguration] - Initializing GridSets from gwc
2019-05-30 05:56:30,586 INFO [config.XMLConfiguration] - Initializing layers from gwc
2019-05-30 05:56:30,642 INFO [gwc.layer] - Initializing GWC configuration based on GeoServer's Catalog
2019-05-30 05:56:30,643 INFO [gwc.layer] - GeoServer TileLayer store base directory is: gwc-layers
2019-05-30 05:56:30,643 INFO [gwc.layer] - Loading tile layers from gwc-layers
2019-05-30 05:56:30,654 INFO [storage.BlobStoreAggregator] - BlobStoreConfiguration gwc contained no blob store infos.
2019-05-30 05:56:30,661 INFO [storage.DefaultStorageFinder] - ********************************************************************************************************************************
2019-05-30 05:56:30,661 INFO [storage.DefaultStorageFinder] - *** Found Java environment variable GEOSERVER_DATA_DIR set to /usr/share/geoserver/data_dir, using it as the default prefix. ***
2019-05-30 05:56:30,661 INFO [storage.DefaultStorageFinder] - ********************************************************************************************************************************
2019-05-30 05:56:30,745 INFO [gwc.config] - Initializing GeoServer specific GWC configuration from gwc-gs.xml
2019-05-30 05:56:32,564 INFO [config.GeoserverXMLResourceProvider] - Will look for 'geowebcache-diskquota.xml' in directory '/usr/share/geoserver/data_dir/gwc'.
2019-05-30 05:56:32,569 INFO [config.GeoserverXMLResourceProvider] - Will look for 'geowebcache-diskquota-jdbc.xml' in directory '/usr/share/geoserver/data_dir/gwc'.
2019-05-30 05:56:32,571 INFO [diskquota.ConfigLoader] - DiskQuota configuration is not readable: gwc/geowebcache-diskquota.xml
2019-05-30 05:56:32,576 INFO [diskquota.ConfigLoader] - DiskQuota configuration is not readable: gwc/geowebcache-diskquota.xml
2019-05-30 05:56:32,577 INFO [diskquota.DiskQuotaMonitor] - Setting up disk quota periodic enforcement task
2019-05-30 05:56:32,577 INFO [diskquota.DiskQuotaMonitor] - 0 layers configured with their own quotas. 
2019-05-30 05:56:32,586 INFO [diskquota.DiskQuotaMonitor] - 22 layers attached to global quota 500.0 MB
2019-05-30 05:56:32,651 INFO [diskquota.DiskQuotaMonitor] - Disk quota periodic enforcement task set up every 10 SECONDS
2019-05-30 05:56:32,784 INFO [geowebcache.GeoWebCacheDispatcher] - Invoked setServletPrefix(gwc)
2019-05-30 05:56:32,793 INFO [georss.GeoRSSPoller] - Initializing GeoRSS poller in a background job...
2019-05-30 05:56:32,795 INFO [georss.GeoRSSPoller] - No enabled GeoRSS feeds found, poller will not run.
2019-05-30 05:56:32,928 INFO [wms.WMSService] - Will NOT recombine tiles for non-tiling clients.
2019-05-30 05:56:32,928 INFO [wms.WMSService] - Will proxy requests to backend that are not getmap or getcapabilities.
2019-05-30 05:56:38,505 INFO [geoserver.wps] - Found 5 bindable processes in GeoServer specific processes
2019-05-30 05:56:38,532 INFO [geoserver.wps] - Found 89 bindable processes in Deprecated processes
2019-05-30 05:56:38,540 INFO [geoserver.wps] - Found 31 bindable processes in Vector processes
2019-05-30 05:56:38,545 INFO [geoserver.wps] - Found 48 bindable processes in Geometry processes
2019-05-30 05:56:38,546 INFO [geoserver.wps] - Found 1 bindable processes in PolygonLabelProcess
2019-05-30 05:56:38,548 INFO [geoserver.wps] - Blacklisting process ras:ConvolveCoverage as the input kernel of type class javax.media.jai.KernelJAI cannot be handled
2019-05-30 05:56:38,551 INFO [geoserver.wps] - Blacklisting process ras:RasterZonalStatistics2 as the input zones of type class java.lang.Object cannot be handled
2019-05-30 05:56:38,551 INFO [geoserver.wps] - Blacklisting process ras:RasterZonalStatistics2 as the input nodata of type class it.geosolutions.jaiext.range.Range cannot be handled
2019-05-30 05:56:38,551 INFO [geoserver.wps] - Blacklisting process ras:RasterZonalStatistics2 as the input rangeData of type class java.lang.Object cannot be handled
2019-05-30 05:56:38,551 INFO [geoserver.wps] - Blacklisting process ras:RasterZonalStatistics2 as the output zonal statistics of type interface java.util.List cannot be handled
2019-05-30 05:56:38,552 INFO [geoserver.wps] - Found 18 bindable processes in Raster processes
2019-05-30 05:56:39,382 INFO [geoserver.security] - AuthenticationCache Initialized with 1000 Max Entries, 300 seconds idle time, 600 seconds time to live and 3 concurrency level
2019-05-30 05:56:39,382 INFO [geoserver.security] - AuthenticationCache Eviction Task created to run every 600 seconds
2019-05-30 05:56:39,757 INFO [geoserver.security] - Start reloading user/groups for service named default
2019-05-30 05:56:39,760 INFO [geoserver.security] - Reloading user/groups successful for service named default
2019-05-30 05:56:46,172 INFO [geoserver.wms] - 
Request: getServiceInfo
2019-05-30 05:56:46,219 INFO [geoserver.wms] - 
Request: getCapabilities
	BaseUrl = http://localhost:8080/geoserver/
	Get = false
	Namespace = null
	RawKvp = {REQUEST=GetCapabilities, VERSION=1.3.0, SERVICE=wms}
	Request = GetCapabilities
	RequestCharset = null
	UpdateSequence = null
	Version = 1.3.0
2019-05-30 05:57:20,978 INFO [geoserver.wms] - 
Request: getServiceInfo
2019-05-30 05:57:20,979 INFO [geoserver.wms] - 
Request: getCapabilities
	BaseUrl = http://localhost:8080/geoserver/
	Get = false
	Namespace = null
	RawKvp = {REQUEST=GetCapabilities, VERSION=1.3.0, SERVICE=wms}
	Request = GetCapabilities
	RequestCharset = null
	UpdateSequence = null
	Version = 1.3.0
2019-05-30 05:57:51,253 INFO [geoserver.wms] - 
Request: getServiceInfo
2019-05-30 05:57:51,254 INFO [geoserver.wms] - 
Request: getCapabilities
	BaseUrl = http://localhost:8080/geoserver/
	Get = false
	Namespace = null
	RawKvp = {REQUEST=GetCapabilities, VERSION=1.3.0, SERVICE=wms}
	Request = GetCapabilities
	RequestCharset = null
	UpdateSequence = null
	Version = 1.3.0
2019-05-30 05:58:21,504 INFO [geoserver.wms] - 
Request: getServiceInfo
2019-05-30 05:58:21,505 INFO [geoserver.wms] - 
Request: getCapabilities
	BaseUrl = http://localhost:8080/geoserver/
	Get = false
	Namespace = null
	RawKvp = {REQUEST=GetCapabilities, VERSION=1.3.0, SERVICE=wms}
	Request = GetCapabilities
	RequestCharset = null
	UpdateSequence = null
	Version = 1.3.0
2019-05-30 05:58:51,774 INFO [geoserver.wms] - 
Request: getServiceInfo
2019-05-30 05:58:51,774 INFO [geoserver.wms] - 
Request: getCapabilities
	BaseUrl = http://localhost:8080/geoserver/
	Get = false
	Namespace = null
	RawKvp = {REQUEST=GetCapabilities, VERSION=1.3.0, SERVICE=wms}
	Request = GetCapabilities
	RequestCharset = null
	UpdateSequence = null
	Version = 1.3.0
2019-05-30 05:58:59,455 INFO [geoserver.security] - Strong cryptography is available
2019-05-30 05:59:22,026 INFO [geoserver.wms] - 
Request: getServiceInfo
2019-05-30 05:59:22,027 INFO [geoserver.wms] - 
Request: getCapabilities
	BaseUrl = http://localhost:8080/geoserver/
	Get = false
	Namespace = null
	RawKvp = {REQUEST=GetCapabilities, VERSION=1.3.0, SERVICE=wms}
	Request = GetCapabilities
	RequestCharset = null
	UpdateSequence = null
	Version = 1.3.0
2019-05-30 05:59:52,222 INFO [geoserver.wms] - 
Request: getServiceInfo
2019-05-30 05:59:52,223 INFO [geoserver.wms] - 
Request: getCapabilities
	BaseUrl = http://localhost:8080/geoserver/
	Get = false
	Namespace = null
	RawKvp = {REQUEST=GetCapabilities, VERSION=1.3.0, SERVICE=wms}
	Request = GetCapabilities
	RequestCharset = null
	UpdateSequence = null
	Version = 1.3.0
2019-05-30 06:00:22,441 INFO [geoserver.wms] - 
Request: getServiceInfo
2019-05-30 06:00:22,442 INFO [geoserver.wms] - 
Request: getCapabilities
	BaseUrl = http://localhost:8080/geoserver/
	Get = false
	Namespace = null
	RawKvp = {REQUEST=GetCapabilities, VERSION=1.3.0, SERVICE=wms}
	Request = GetCapabilities
	RequestCharset = null
	UpdateSequence = null
	Version = 1.3.0
2019-05-30 06:00:52,653 INFO [geoserver.wms] - 
Request: getServiceInfo
2019-05-30 06:00:52,654 INFO [geoserver.wms] - 
Request: getCapabilities
	BaseUrl = http://localhost:8080/geoserver/
	Get = false
	Namespace = null
	RawKvp = {REQUEST=GetCapabilities, VERSION=1.3.0, SERVICE=wms}
	Request = GetCapabilities
	RequestCharset = null
	UpdateSequence = null
	Version = 1.3.0
2019-05-30 06:01:22,897 INFO [geoserver.wms] - 
Request: getServiceInfo
2019-05-30 06:01:22,897 INFO [geoserver.wms] - 
Request: getCapabilities
	BaseUrl = http://localhost:8080/geoserver/
	Get = false
	Namespace = null
	RawKvp = {REQUEST=GetCapabilities, VERSION=1.3.0, SERVICE=wms}
	Request = GetCapabilities
	RequestCharset = null
	UpdateSequence = null
	Version = 1.3.0
2019-05-30 06:01:53,159 INFO [geoserver.wms] - 
Request: getServiceInfo
2019-05-30 06:01:53,160 INFO [geoserver.wms] - 
Request: getCapabilities
	BaseUrl = http://localhost:8080/geoserver/
	Get = false
	Namespace = null
	RawKvp = {REQUEST=GetCapabilities, VERSION=1.3.0, SERVICE=wms}
	Request = GetCapabilities
	RequestCharset = null
	UpdateSequence = null
	Version = 1.3.0
2019-05-30 06:02:23,348 INFO [geoserver.wms] - 
Request: getServiceInfo
2019-05-30 06:02:23,349 INFO [geoserver.wms] - 
Request: getCapabilities
	BaseUrl = http://localhost:8080/geoserver/
	Get = false
	Namespace = null
	RawKvp = {REQUEST=GetCapabilities, VERSION=1.3.0, SERVICE=wms}
	Request = GetCapabilities
	RequestCharset = null
	UpdateSequence = null
	Version = 1.3.0
2019-05-30 06:02:53,586 INFO [geoserver.wms] - 
Request: getServiceInfo
2019-05-30 06:02:53,587 INFO [geoserver.wms] - 
Request: getCapabilities
	BaseUrl = http://localhost:8080/geoserver/
	Get = false
	Namespace = null
	RawKvp = {REQUEST=GetCapabilities, VERSION=1.3.0, SERVICE=wms}
	Request = GetCapabilities
	RequestCharset = null
	UpdateSequence = null
	Version = 1.3.0
2019-05-30 06:03:23,796 INFO [geoserver.wms] - 
Request: getServiceInfo
2019-05-30 06:03:23,797 INFO [geoserver.wms] - 
Request: getCapabilities
	BaseUrl = http://localhost:8080/geoserver/
	Get = false
	Namespace = null
	RawKvp = {REQUEST=GetCapabilities, VERSION=1.3.0, SERVICE=wms}
	Request = GetCapabilities
	RequestCharset = null
	UpdateSequence = null
	Version = 1.3.0
2019-05-30 06:03:54,050 INFO [geoserver.wms] - 
Request: getServiceInfo
2019-05-30 06:03:54,050 INFO [geoserver.wms] - 
Request: getCapabilities
	BaseUrl = http://localhost:8080/geoserver/
	Get = false
	Namespace = null
	RawKvp = {REQUEST=GetCapabilities, VERSION=1.3.0, SERVICE=wms}
	Request = GetCapabilities
	RequestCharset = null
	UpdateSequence = null
	Version = 1.3.0
2019-05-30 06:04:24,303 INFO [geoserver.wms] - 
Request: getServiceInfo
2019-05-30 06:04:24,305 INFO [geoserver.wms] - 
Request: getCapabilities
	BaseUrl = http://localhost:8080/geoserver/
	Get = false
	Namespace = null
	RawKvp = {REQUEST=GetCapabilities, VERSION=1.3.0, SERVICE=wms}
	Request = GetCapabilities
	RequestCharset = null
	UpdateSequence = null
	Version = 1.3.0
2019-05-30 06:04:34,721 INFO [geoserver.security] - Successfully changed master password
2019-05-30 06:04:54,522 INFO [geoserver.wms] - 
Request: getServiceInfo
2019-05-30 06:04:54,523 INFO [geoserver.wms] - 
Request: getCapabilities
	BaseUrl = http://localhost:8080/geoserver/
	Get = false
	Namespace = null
	RawKvp = {REQUEST=GetCapabilities, VERSION=1.3.0, SERVICE=wms}
	Request = GetCapabilities
	RequestCharset = null
	UpdateSequence = null
	Version = 1.3.0
2019-05-30 06:05:24,752 INFO [geoserver.wms] - 
Request: getServiceInfo
2019-05-30 06:05:24,753 INFO [geoserver.wms] - 
Request: getCapabilities
	BaseUrl = http://localhost:8080/geoserver/
	Get = false
	Namespace = null
	RawKvp = {REQUEST=GetCapabilities, VERSION=1.3.0, SERVICE=wms}
	Request = GetCapabilities
	RequestCharset = null
	UpdateSequence = null
	Version = 1.3.0
2019-05-30 06:05:54,996 INFO [geoserver.wms] - 
Request: getServiceInfo
2019-05-30 06:05:54,996 INFO [geoserver.wms] - 
Request: getCapabilities
	BaseUrl = http://localhost:8080/geoserver/
	Get = false
	Namespace = null
	RawKvp = {REQUEST=GetCapabilities, VERSION=1.3.0, SERVICE=wms}
	Request = GetCapabilities
	RequestCharset = null
	UpdateSequence = null
	Version = 1.3.0
2019-05-30 06:06:25,232 INFO [geoserver.wms] - 
Request: getServiceInfo
2019-05-30 06:06:25,232 INFO [geoserver.wms] - 
Request: getCapabilities
	BaseUrl = http://localhost:8080/geoserver/
	Get = false
	Namespace = null
	RawKvp = {REQUEST=GetCapabilities, VERSION=1.3.0, SERVICE=wms}
	Request = GetCapabilities
	RequestCharset = null
	UpdateSequence = null
	Version = 1.3.0
2019-05-30 06:06:55,451 INFO [geoserver.wms] - 
Request: getServiceInfo
2019-05-30 06:06:55,451 INFO [geoserver.wms] - 
Request: getCapabilities
	BaseUrl = http://localhost:8080/geoserver/
	Get = false
	Namespace = null
	RawKvp = {REQUEST=GetCapabilities, VERSION=1.3.0, SERVICE=wms}
	Request = GetCapabilities
	RequestCharset = null
	UpdateSequence = null
	Version = 1.3.0
2019-05-30 06:07:25,676 INFO [geoserver.wms] - 
Request: getServiceInfo
2019-05-30 06:07:25,676 INFO [geoserver.wms] - 
Request: getCapabilities
	BaseUrl = http://localhost:8080/geoserver/
	Get = false
	Namespace = null
	RawKvp = {REQUEST=GetCapabilities, VERSION=1.3.0, SERVICE=wms}
	Request = GetCapabilities
	RequestCharset = null
	UpdateSequence = null
	Version = 1.3.0
2019-05-30 06:07:55,909 INFO [geoserver.wms] - 
Request: getServiceInfo
2019-05-30 06:07:55,910 INFO [geoserver.wms] - 
Request: getCapabilities
	BaseUrl = http://localhost:8080/geoserver/
	Get = false
	Namespace = null
	RawKvp = {REQUEST=GetCapabilities, VERSION=1.3.0, SERVICE=wms}
	Request = GetCapabilities
	RequestCharset = null
	UpdateSequence = null
	Version = 1.3.0
2019-05-30 06:07:59,737 INFO [file.FileBlobStore] - /usr/share/geoserver/data_dir/gwc/nurc_Arc_Sample does not exist or is not writable
2019-05-30 06:07:59,835 INFO [file.FileBlobStore] - /usr/share/geoserver/data_dir/gwc/nurc_Pk50095 does not exist or is not writable
2019-05-30 06:07:59,840 INFO [file.FileBlobStore] - /usr/share/geoserver/data_dir/gwc/nurc_mosaic does not exist or is not writable
2019-05-30 06:07:59,852 INFO [gwc.layer] - Truncating TileLayer for layer group 'tiger-ny' due to a change in its layers or styles
2019-05-30 06:07:59,872 INFO [file.FileBlobStore] - /usr/share/geoserver/data_dir/gwc/tiger-ny does not exist or is not writable
2019-05-30 06:07:59,872 INFO [file.FileBlobStore] - /usr/share/geoserver/data_dir/gwc/tiger-ny does not exist or is not writable
2019-05-30 06:07:59,874 INFO [file.FileBlobStore] - /usr/share/geoserver/data_dir/gwc/tiger_giant_polygon does not exist or is not writable
2019-05-30 06:07:59,883 INFO [gwc.layer] - Truncating TileLayer for layer group 'tiger-ny' due to a change in its layers or styles
2019-05-30 06:07:59,883 INFO [file.FileBlobStore] - /usr/share/geoserver/data_dir/gwc/tiger-ny does not exist or is not writable
2019-05-30 06:07:59,884 INFO [file.FileBlobStore] - /usr/share/geoserver/data_dir/gwc/tiger-ny does not exist or is not writable
2019-05-30 06:07:59,903 INFO [file.FileBlobStore] - /usr/share/geoserver/data_dir/gwc/tiger_poi does not exist or is not writable
2019-05-30 06:07:59,906 INFO [gwc.layer] - Truncating TileLayer for layer group 'tiger-ny' due to a change in its layers or styles
2019-05-30 06:07:59,906 INFO [file.FileBlobStore] - /usr/share/geoserver/data_dir/gwc/tiger-ny does not exist or is not writable
2019-05-30 06:07:59,906 INFO [file.FileBlobStore] - /usr/share/geoserver/data_dir/gwc/tiger-ny does not exist or is not writable
2019-05-30 06:07:59,907 INFO [file.FileBlobStore] - /usr/share/geoserver/data_dir/gwc/tiger_poly_landmarks does not exist or is not writable
2019-05-30 06:07:59,912 INFO [file.FileBlobStore] - /usr/share/geoserver/data_dir/gwc/tiger-ny does not exist or is not writable
2019-05-30 06:07:59,915 INFO [file.FileBlobStore] - /usr/share/geoserver/data_dir/gwc/tiger_tiger_roads does not exist or is not writable
2019-05-30 06:07:59,922 INFO [gwc.layer] - Truncating TileLayer for layer group 'spearfish' due to a change in its layers or styles
2019-05-30 06:07:59,995 INFO [file.FileBlobStore] - /usr/share/geoserver/data_dir/gwc/spearfish does not exist or is not writable
2019-05-30 06:07:59,995 INFO [file.FileBlobStore] - /usr/share/geoserver/data_dir/gwc/spearfish does not exist or is not writable
2019-05-30 06:07:59,996 INFO [file.FileBlobStore] - /usr/share/geoserver/data_dir/gwc/sf_archsites does not exist or is not writable
2019-05-30 06:08:00,001 INFO [gwc.layer] - Truncating TileLayer for layer group 'spearfish' due to a change in its layers or styles
2019-05-30 06:08:00,001 INFO [file.FileBlobStore] - /usr/share/geoserver/data_dir/gwc/spearfish does not exist or is not writable
2019-05-30 06:08:00,002 INFO [file.FileBlobStore] - /usr/share/geoserver/data_dir/gwc/spearfish does not exist or is not writable
2019-05-30 06:08:00,003 INFO [file.FileBlobStore] - /usr/share/geoserver/data_dir/gwc/sf_bugsites does not exist or is not writable
2019-05-30 06:08:00,008 INFO [gwc.layer] - Truncating TileLayer for layer group 'spearfish' due to a change in its layers or styles
2019-05-30 06:08:00,008 INFO [file.FileBlobStore] - /usr/share/geoserver/data_dir/gwc/spearfish does not exist or is not writable
2019-05-30 06:08:00,009 INFO [file.FileBlobStore] - /usr/share/geoserver/data_dir/gwc/spearfish does not exist or is not writable
2019-05-30 06:08:00,010 INFO [file.FileBlobStore] - /usr/share/geoserver/data_dir/gwc/sf_restricted does not exist or is not writable
2019-05-30 06:08:00,015 INFO [gwc.layer] - Truncating TileLayer for layer group 'spearfish' due to a change in its layers or styles
2019-05-30 06:08:00,015 INFO [file.FileBlobStore] - /usr/share/geoserver/data_dir/gwc/spearfish does not exist or is not writable
2019-05-30 06:08:00,015 INFO [file.FileBlobStore] - /usr/share/geoserver/data_dir/gwc/spearfish does not exist or is not writable
2019-05-30 06:08:00,016 INFO [file.FileBlobStore] - /usr/share/geoserver/data_dir/gwc/sf_roads does not exist or is not writable
2019-05-30 06:08:00,020 INFO [gwc.layer] - Truncating TileLayer for layer group 'spearfish' due to a change in its layers or styles
2019-05-30 06:08:00,021 INFO [file.FileBlobStore] - /usr/share/geoserver/data_dir/gwc/spearfish does not exist or is not writable
2019-05-30 06:08:00,021 INFO [file.FileBlobStore] - /usr/share/geoserver/data_dir/gwc/spearfish does not exist or is not writable
2019-05-30 06:08:00,022 INFO [file.FileBlobStore] - /usr/share/geoserver/data_dir/gwc/sf_streams does not exist or is not writable
2019-05-30 06:08:00,028 INFO [file.FileBlobStore] - /usr/share/geoserver/data_dir/gwc/spearfish does not exist or is not writable
2019-05-30 06:08:00,029 INFO [file.FileBlobStore] - /usr/share/geoserver/data_dir/gwc/sf_sfdem does not exist or is not writable
2019-05-30 06:08:00,034 INFO [file.FileBlobStore] - /usr/share/geoserver/data_dir/gwc/topp_states does not exist or is not writable
2019-05-30 06:08:00,041 INFO [gwc.layer] - Truncating TileLayer for layer group 'tasmania' due to a change in its layers or styles
2019-05-30 06:08:00,042 INFO [file.FileBlobStore] - /usr/share/geoserver/data_dir/gwc/tasmania does not exist or is not writable
2019-05-30 06:08:00,042 INFO [file.FileBlobStore] - /usr/share/geoserver/data_dir/gwc/tasmania does not exist or is not writable
2019-05-30 06:08:00,043 INFO [file.FileBlobStore] - /usr/share/geoserver/data_dir/gwc/topp_tasmania_cities does not exist or is not writable
2019-05-30 06:08:00,049 INFO [gwc.layer] - Truncating TileLayer for layer group 'tasmania' due to a change in its layers or styles
2019-05-30 06:08:00,049 INFO [file.FileBlobStore] - /usr/share/geoserver/data_dir/gwc/tasmania does not exist or is not writable
2019-05-30 06:08:00,049 INFO [file.FileBlobStore] - /usr/share/geoserver/data_dir/gwc/tasmania does not exist or is not writable
2019-05-30 06:08:00,051 INFO [file.FileBlobStore] - /usr/share/geoserver/data_dir/gwc/topp_tasmania_roads does not exist or is not writable
2019-05-30 06:08:00,056 INFO [gwc.layer] - Truncating TileLayer for layer group 'tasmania' due to a change in its layers or styles
2019-05-30 06:08:00,057 INFO [file.FileBlobStore] - /usr/share/geoserver/data_dir/gwc/tasmania does not exist or is not writable
2019-05-30 06:08:00,057 INFO [file.FileBlobStore] - /usr/share/geoserver/data_dir/gwc/tasmania does not exist or is not writable
2019-05-30 06:08:00,058 INFO [file.FileBlobStore] - /usr/share/geoserver/data_dir/gwc/topp_tasmania_state_boundaries does not exist or is not writable
2019-05-30 06:08:00,063 INFO [file.FileBlobStore] - /usr/share/geoserver/data_dir/gwc/tasmania does not exist or is not writable
2019-05-30 06:08:00,066 INFO [file.FileBlobStore] - /usr/share/geoserver/data_dir/gwc/topp_tasmania_water_bodies does not exist or is not writable
2019-05-30 06:08:00,073 INFO [file.FileBlobStore] - /usr/share/geoserver/data_dir/gwc/nurc_Img_Sample does not exist or is not writable
2019-05-30 06:08:26,116 INFO [geoserver.wms] - 
Request: getServiceInfo
2019-05-30 06:08:26,117 INFO [geoserver.wms] - 
Request: getCapabilities
	BaseUrl = http://localhost:8080/geoserver/
	Get = false
	Namespace = null
	RawKvp = {REQUEST=GetCapabilities, VERSION=1.3.0, SERVICE=wms}
	Request = GetCapabilities
	RequestCharset = null
	UpdateSequence = null
	Version = 1.3.0
